2024-08-16 01:02:35 BarcodeType EAN13
2024-08-16 01:02:35 BarcodeData8801121190197
2024-08-16 01:02:47 Detected dates: 2024.10.21
2024-08-16 01:03:05 BarcodeType EAN13
2024-08-16 01:03:05 BarcodeData8801121190197
2024-08-16 01:03:15 Detected dates: 2024.10.21
2024-08-16 01:03:31 BarcodeType EAN13
2024-08-16 01:03:31 BarcodeData8801121190197
2024-08-16 01:03:47 Detected dates: 2024.10.21
2024-08-16 01:06:32 BarcodeType EAN13
2024-08-16 01:06:32 BarcodeData8801121190197
2024-08-16 01:06:50 Detected dates: 10.21
2024-08-16 01:11:25 BarcodeType EAN13
2024-08-16 01:11:26 BarcodeData8801121190197
2024-08-16 01:11:44 Detected dates: 2024.10.21
2024-08-16 01:15:01 BarcodeType I25
2024-08-16 01:15:02 BarcodeData788314
2024-08-16 01:15:17 Detected dates: 2024.10.21
2024-08-16 01:16:11 BarcodeType EAN13
2024-08-16 01:16:11 BarcodeData8801121190197
2024-08-16 01:16:28 Detected dates: 24.10.21
2024-08-16 01:19:53 BarcodeType EAN13
2024-08-16 01:19:53 BarcodeData8801121190197
2024-08-16 01:20:10 Detected dates: 2024.10.21
2024-08-16 01:22:59 BarcodeType EAN13
2024-08-16 01:22:59 BarcodeData8801121190197
2024-08-16 01:23:06 Detected dates: 1900-10-21
2024-08-16 01:24:05 BarcodeType EAN13
2024-08-16 01:24:05 BarcodeData8801121190197
2024-08-16 01:24:11 Detected dates: 2024-10-21
2024-08-16 01:25:28 BarcodeType EAN13
2024-08-16 01:25:28 BarcodeData8801121190197
2024-08-16 01:25:36 Detected dates: 1900-10-23
2024-08-16 01:26:11 BarcodeType EAN13
2024-08-16 01:26:11 BarcodeData8801121190197
2024-08-16 01:26:24 Detected dates: 2024-10-21
2024-08-16 01:32:32 BarcodeType EAN13
2024-08-16 01:32:32 BarcodeData8801121190197
2024-08-16 01:33:13 Detected dates: 2024-10-21
2024-08-16 01:33:20 BarcodeType EAN13
2024-08-16 01:33:20 BarcodeData8801121190197
2024-08-16 01:33:28 Detected dates: 2024-10-21
2024-08-16 01:43:43 BarcodeType EAN13
2024-08-16 01:43:49 BarcodeData8801121190197
2024-08-16 01:44:06 Detected dates: 2
2024-08-16 01:46:39 BarcodeType EAN13
2024-08-16 01:46:39 BarcodeData8801121190197
2024-08-16 01:47:13 Detected dates: 2024-10-21
